SF:lib\pages\product_page.dart
DA:11,1
DA:13,1
DA:14,1
DA:22,1
DA:24,1
DA:26,3
DA:27,2
DA:28,3
DA:30,2
DA:31,3
DA:35,1
DA:37,3
DA:39,1
DA:40,1
DA:41,1
DA:42,1
DA:44,1
DA:52,1
DA:53,1
DA:55,1
DA:56,1
DA:57,2
DA:61,0
DA:63,0
DA:64,0
DA:66,0
DA:67,0
DA:72,0
DA:74,0
DA:76,0
DA:78,0
DA:83,1
DA:85,1
DA:86,2
DA:88,2
DA:97,1
DA:98,1
DA:100,1
DA:101,1
DA:102,1
DA:104,1
DA:105,1
DA:107,1
DA:108,1
DA:109,1
DA:127,1
DA:128,1
DA:130,1
DA:131,1
DA:132,1
DA:136,1
DA:138,1
DA:140,1
DA:142,1
DA:147,1
DA:148,1
DA:150,1
DA:151,2
DA:152,1
DA:153,3
DA:162,1
DA:163,3
DA:170,2
DA:172,1
DA:174,1
DA:175,2
DA:176,1
DA:178,1
DA:179,1
DA:192,1
DA:193,3
DA:195,1
DA:196,1
DA:197,5
DA:198,1
DA:199,4
DA:200,3
DA:202,5
DA:203,1
DA:204,2
DA:205,1
DA:206,3
DA:207,1
DA:208,3
DA:210,3
DA:211,1
DA:216,1
DA:218,1
DA:220,1
DA:221,2
DA:223,1
DA:226,1
DA:227,1
DA:228,1
DA:231,1
DA:232,1
DA:237,2
DA:238,2
DA:239,1
DA:248,1
DA:249,1
DA:251,1
DA:254,1
DA:256,1
DA:257,1
DA:258,1
DA:259,1
DA:261,1
DA:263,1
DA:264,1
DA:266,3
DA:267,4
DA:270,1
DA:273,3
DA:274,1
DA:276,5
DA:286,1
DA:287,1
DA:288,1
DA:289,1
DA:290,1
DA:291,1
DA:292,1
DA:293,3
DA:294,1
DA:306,1
DA:307,1
DA:308,3
DA:309,1
DA:323,1
DA:325,1
DA:326,1
DA:327,2
DA:331,1
DA:340,1
DA:341,1
DA:343,1
DA:349,1
DA:350,2
DA:351,1
DA:359,1
DA:360,1
DA:363,4
DA:365,1
DA:367,1
DA:368,1
DA:369,1
DA:370,1
DA:371,1
DA:372,1
DA:373,1
DA:376,1
DA:378,2
DA:379,1
DA:380,1
DA:381,1
DA:384,1
DA:385,1
DA:386,3
DA:395,1
DA:396,1
DA:401,1
DA:404,1
DA:405,1
DA:407,1
DA:410,1
DA:411,1
DA:414,1
DA:415,1
DA:427,1
DA:428,1
DA:429,3
DA:432,1
DA:433,1
DA:434,2
DA:436,1
DA:437,1
DA:439,1
DA:451,1
LF:179
LH:170
end_of_record
SF:lib\models\product.dart
DA:12,1
DA:25,0
DA:26,0
DA:29,0
DA:31,0
DA:32,0
DA:33,0
DA:34,0
DA:37,0
DA:40,0
DA:41,0
DA:44,0
DA:49,0
DA:50,0
DA:53,0
DA:56,0
DA:61,0
DA:64,0
DA:69,0
DA:70,0
DA:71,0
DA:76,0
LF:22
LH:1
end_of_record
SF:lib\models\cart.dart
DA:13,1
DA:24,0
DA:26,0
DA:36,0
DA:37,0
DA:38,0
DA:39,0
DA:40,0
DA:41,0
DA:42,0
DA:43,0
DA:44,0
DA:52,3
DA:54,3
DA:56,0
DA:57,0
DA:60,1
DA:62,2
DA:63,1
DA:64,3
DA:65,3
DA:66,3
DA:69,1
DA:71,0
DA:72,0
DA:76,2
DA:78,1
DA:81,0
DA:82,0
DA:83,0
DA:84,0
DA:85,0
DA:86,0
DA:88,0
DA:91,0
DA:93,0
DA:94,0
DA:98,0
DA:99,0
DA:100,0
DA:101,0
DA:102,0
DA:105,0
DA:106,0
DA:107,0
DA:111,0
DA:112,0
DA:113,0
DA:114,0
DA:115,0
DA:116,0
DA:119,0
DA:120,0
DA:121,0
DA:123,0
DA:127,0
DA:128,0
DA:129,0
DA:130,0
DA:131,0
DA:132,0
DA:135,0
DA:136,0
DA:137,0
DA:138,0
DA:140,0
DA:141,0
DA:146,0
DA:147,0
DA:148,0
LF:70
LH:12
end_of_record
SF:lib\widgets\header.dart
DA:12,1
DA:19,1
DA:20,1
DA:26,0
DA:27,0
DA:30,1
DA:32,3
DA:33,1
DA:34,1
DA:36,1
DA:39,1
DA:40,1
DA:41,1
DA:42,2
DA:48,1
DA:49,1
DA:51,1
DA:56,1
DA:59,1
DA:69,1
DA:71,1
DA:72,1
DA:73,1
DA:75,1
DA:77,1
DA:78,1
DA:80,1
DA:82,1
DA:83,1
DA:89,1
DA:90,1
DA:92,1
DA:95,1
DA:96,0
DA:98,0
DA:104,0
DA:109,1
DA:110,1
DA:112,1
DA:119,1
DA:120,1
DA:121,2
DA:122,1
DA:126,2
DA:127,1
DA:139,1
DA:140,1
DA:142,1
DA:143,1
DA:145,1
DA:146,0
DA:149,1
DA:151,3
DA:157,1
DA:159,1
DA:161,1
DA:163,1
DA:173,1
DA:174,1
DA:176,1
DA:177,2
DA:178,1
DA:179,1
DA:180,2
DA:181,0
DA:184,1
DA:185,0
DA:189,0
DA:195,1
DA:196,1
DA:200,0
DA:204,1
DA:205,1
DA:206,1
DA:213,1
DA:214,1
DA:215,1
DA:216,1
DA:221,2
DA:223,1
DA:224,1
DA:225,2
DA:226,1
DA:229,1
DA:234,1
DA:235,2
DA:250,0
DA:251,0
DA:252,0
DA:254,0
DA:255,0
DA:257,0
DA:258,0
DA:260,0
DA:261,0
DA:263,0
DA:264,0
DA:268,0
LF:98
LH:76
end_of_record
SF:lib\widgets\footer.dart
DA:4,1
DA:6,1
DA:8,1
DA:10,1
DA:12,1
DA:13,1
DA:14,2
DA:17,1
DA:18,1
DA:19,1
DA:21,1
DA:23,0
DA:25,0
DA:26,0
DA:28,0
DA:30,0
DA:33,1
DA:35,1
DA:36,2
DA:38,2
DA:40,2
DA:61,1
DA:152,1
DA:153,1
DA:155,1
DA:165,1
DA:166,1
DA:171,1
DA:172,1
DA:174,1
DA:192,1
DA:193,1
DA:194,1
DA:195,1
DA:196,1
DA:199,1
DA:200,1
DA:201,1
DA:204,1
DA:205,1
DA:206,1
DA:209,1
DA:210,1
DA:211,1
DA:218,1
DA:219,0
DA:222,1
DA:245,1
DA:246,1
DA:248,1
DA:249,0
DA:250,1
DA:255,1
LF:53
LH:46
end_of_record
SF:lib\models\collection.dart
DA:11,0
DA:20,0
DA:22,0
DA:24,0
DA:26,0
DA:28,0
DA:34,0
DA:41,0
DA:42,0
DA:43,0
DA:44,0
DA:45,0
DA:46,0
DA:50,0
DA:53,0
DA:54,0
DA:55,0
DA:56,0
DA:57,0
DA:58,0
DA:59,0
DA:61,0
DA:62,0
DA:63,0
DA:64,0
DA:69,0
DA:71,0
DA:72,0
DA:73,0
DA:74,0
DA:75,0
DA:77,0
DA:79,0
LF:33
LH:0
end_of_record
SF:lib\models\fixtures.dart
DA:189,0
DA:190,0
DA:195,0
DA:196,0
DA:197,0
DA:198,0
DA:199,0
DA:202,0
DA:207,0
DA:208,0
DA:209,0
DA:210,0
DA:211,0
DA:212,0
DA:215,0
DA:220,0
DA:221,0
DA:222,0
DA:223,0
DA:224,0
DA:227,0
DA:232,0
DA:234,0
DA:239,0
DA:240,0
DA:241,0
DA:242,0
DA:243,0
DA:246,0
DA:251,0
DA:253,0
DA:258,0
LF:32
LH:0
end_of_record
SF:lib\pages\print_shack_page.dart
DA:9,0
DA:11,0
DA:12,0
DA:19,0
DA:20,0
DA:22,0
DA:23,0
DA:24,0
DA:26,0
DA:39,0
DA:41,0
DA:42,0
DA:43,0
DA:47,0
DA:49,0
DA:50,0
DA:52,0
DA:55,0
DA:57,0
DA:58,0
DA:59,0
DA:63,0
DA:65,0
DA:67,0
DA:69,0
DA:70,0
DA:71,0
DA:73,0
DA:74,0
DA:78,0
DA:79,0
DA:81,0
DA:92,0
DA:94,0
DA:96,0
DA:97,0
DA:99,0
DA:104,0
DA:106,0
DA:107,0
DA:109,0
DA:114,0
DA:115,0
DA:116,0
DA:117,0
DA:118,0
DA:119,0
DA:121,0
DA:122,0
DA:123,0
DA:124,0
DA:126,0
DA:128,0
DA:129,0
DA:131,0
DA:133,0
DA:135,0
DA:137,0
DA:139,0
DA:140,0
DA:141,0
DA:142,0
DA:145,0
DA:150,0
DA:151,0
DA:152,0
DA:153,0
DA:154,0
DA:155,0
DA:156,0
DA:157,0
DA:170,0
DA:171,0
DA:173,0
DA:183,0
DA:184,0
DA:192,0
DA:194,0
DA:196,0
DA:198,0
DA:200,0
DA:205,0
DA:206,0
DA:208,0
DA:209,0
DA:210,0
DA:212,0
DA:214,0
DA:215,0
DA:217,0
DA:218,0
DA:220,0
DA:222,0
DA:232,0
DA:233,0
DA:235,0
DA:236,0
DA:238,0
DA:241,0
DA:246,0
DA:247,0
DA:248,0
DA:250,0
DA:251,0
DA:252,0
DA:253,0
DA:255,0
DA:281,0
DA:282,0
DA:292,0
DA:293,0
DA:294,0
DA:295,0
DA:296,0
DA:297,0
DA:298,0
DA:299,0
DA:302,0
DA:306,0
DA:307,0
DA:308,0
DA:309,0
DA:311,0
DA:312,0
DA:327,0
DA:328,0
DA:330,0
DA:331,0
DA:333,0
DA:336,0
DA:341,0
DA:342,0
DA:343,0
DA:345,0
DA:347,0
DA:348,0
DA:350,0
DA:351,0
DA:353,0
DA:357,0
DA:358,0
DA:359,0
DA:362,0
DA:363,0
DA:370,0
DA:372,0
DA:382,0
DA:387,0
DA:389,0
DA:391,0
DA:395,0
DA:396,0
DA:402,0
DA:403,0
DA:404,0
DA:405,0
DA:406,0
DA:408,0
DA:409,0
DA:416,0
DA:417,0
DA:418,0
DA:429,0
DA:430,0
DA:432,0
DA:433,0
DA:440,0
DA:456,0
DA:457,0
DA:458,0
DA:459,0
DA:460,0
DA:462,0
DA:469,0
DA:470,0
DA:471,0
DA:472,0
DA:474,0
DA:475,0
DA:476,0
DA:479,0
DA:480,0
DA:482,0
DA:483,0
DA:486,0
DA:487,0
DA:488,0
DA:493,0
DA:494,0
DA:497,0
DA:498,0
DA:499,0
DA:500,0
DA:501,0
DA:503,0
DA:511,0
DA:514,0
DA:517,0
DA:518,0
DA:519,0
DA:520,0
DA:521,0
DA:524,0
DA:525,0
DA:526,0
DA:535,0
DA:540,0
DA:541,0
DA:542,0
DA:544,0
DA:556,0
DA:557,0
DA:558,0
DA:561,0
DA:562,0
DA:563,0
DA:564,0
DA:566,0
LF:218
LH:0
end_of_record
SF:lib\widgets\search_overlay.dart
DA:9,0
DA:14,0
DA:15,0
DA:24,0
DA:26,0
DA:27,0
DA:28,0
DA:32,0
DA:34,0
DA:35,0
DA:36,0
DA:37,0
DA:40,0
DA:41,0
DA:42,0
DA:45,0
DA:46,0
DA:47,0
DA:49,0
DA:50,0
DA:54,0
DA:56,0
DA:59,0
DA:61,0
DA:62,0
DA:63,0
DA:64,0
DA:65,0
DA:66,0
DA:67,0
DA:73,0
DA:74,0
DA:77,0
DA:86,0
DA:89,0
DA:90,0
DA:95,0
DA:98,0
DA:104,0
DA:105,0
DA:106,0
DA:107,0
DA:110,0
DA:111,0
DA:112,0
DA:113,0
DA:117,0
DA:118,0
DA:119,0
DA:120,0
DA:121,0
DA:122,0
DA:124,0
DA:125,0
DA:128,0
DA:130,0
DA:132,0
DA:133,0
DA:134,0
DA:135,0
DA:136,0
DA:139,0
DA:141,0
DA:143,0
LF:64
LH:0
end_of_record
