SF:lib\models\cart.dart
DA:13,5
DA:24,8
DA:26,2
DA:36,2
DA:37,2
DA:38,2
DA:39,2
DA:40,2
DA:41,2
DA:42,0
DA:43,2
DA:44,2
DA:52,9
DA:54,27
DA:56,2
DA:57,10
DA:60,4
DA:62,8
DA:63,4
DA:64,12
DA:65,9
DA:66,6
DA:69,4
DA:71,5
DA:72,5
DA:76,8
DA:78,4
DA:81,2
DA:82,4
DA:83,2
DA:84,4
DA:85,4
DA:86,4
DA:88,2
DA:91,1
DA:93,1
DA:94,1
DA:98,2
DA:99,1
DA:100,2
DA:101,2
DA:102,2
DA:105,1
DA:106,5
DA:107,1
DA:111,2
DA:112,4
DA:113,2
DA:114,4
DA:115,4
DA:116,4
DA:119,2
DA:120,10
DA:121,8
DA:123,2
DA:127,2
DA:128,4
DA:129,2
DA:130,4
DA:131,4
DA:132,4
DA:135,2
DA:136,8
DA:137,2
DA:138,2
DA:140,10
DA:141,2
DA:146,1
DA:147,2
DA:148,1
LF:70
LH:69
end_of_record
SF:lib\models\collection.dart
DA:11,4
DA:20,3
DA:22,3
DA:24,3
DA:26,1
DA:28,5
DA:34,1
DA:41,1
DA:42,1
DA:43,1
DA:44,1
DA:45,1
DA:46,1
DA:50,1
DA:53,1
DA:54,3
DA:55,3
DA:56,3
DA:57,3
DA:58,3
DA:59,3
DA:61,1
DA:62,3
DA:63,2
DA:64,3
DA:69,1
DA:71,3
DA:72,3
DA:73,3
DA:74,3
DA:75,2
DA:77,1
DA:79,5
LF:33
LH:33
end_of_record
SF:lib\models\product.dart
DA:12,4
DA:25,5
DA:26,3
DA:29,1
DA:31,4
DA:32,4
DA:33,4
DA:34,4
DA:37,4
DA:40,4
DA:41,4
DA:44,4
DA:49,4
DA:50,4
DA:53,4
DA:56,4
DA:61,4
DA:64,4
DA:69,4
DA:70,4
DA:71,4
DA:76,2
LF:22
LH:22
end_of_record
SF:lib\models\fixtures.dart
DA:189,9
DA:190,3
DA:195,3
DA:196,3
DA:197,3
DA:198,3
DA:199,3
DA:202,3
DA:207,3
DA:208,3
DA:209,3
DA:210,3
DA:211,3
DA:212,3
DA:215,3
DA:220,3
DA:221,3
DA:222,3
DA:223,3
DA:224,3
DA:227,3
DA:232,9
DA:234,3
DA:239,3
DA:240,3
DA:241,3
DA:242,3
DA:243,3
DA:246,3
DA:251,9
DA:253,3
DA:258,9
LF:32
LH:32
end_of_record
SF:lib\widgets\search_overlay.dart
DA:9,2
DA:14,2
DA:15,2
DA:24,2
DA:26,2
DA:27,6
DA:28,4
DA:32,2
DA:34,4
DA:35,4
DA:36,2
DA:37,2
DA:40,2
DA:41,3
DA:42,2
DA:45,1
DA:46,1
DA:47,2
DA:49,2
DA:50,2
DA:54,1
DA:56,1
DA:59,1
DA:61,2
DA:62,1
DA:63,2
DA:64,1
DA:65,2
DA:66,1
DA:67,2
DA:73,1
DA:74,2
DA:77,3
DA:86,4
DA:89,1
DA:90,1
DA:95,0
DA:98,0
DA:104,1
DA:105,1
DA:106,3
DA:107,2
DA:110,1
DA:111,1
DA:112,4
DA:113,1
DA:117,2
DA:118,2
DA:119,2
DA:120,1
DA:121,2
DA:122,1
DA:124,3
DA:125,1
DA:128,2
DA:130,2
DA:132,2
DA:133,2
DA:134,2
DA:135,2
DA:136,2
DA:139,2
DA:141,4
DA:143,4
LF:64
LH:62
end_of_record
SF:lib\widgets\header.dart
DA:12,1
DA:19,8
DA:20,8
DA:26,1
DA:27,3
DA:30,8
DA:32,24
DA:33,8
DA:34,8
DA:36,8
DA:39,8
DA:40,8
DA:41,8
DA:42,16
DA:48,8
DA:49,8
DA:51,8
DA:56,8
DA:59,8
DA:69,8
DA:71,8
DA:72,8
DA:73,8
DA:75,8
DA:77,8
DA:78,8
DA:80,8
DA:82,8
DA:83,8
DA:89,8
DA:90,8
DA:92,8
DA:95,8
DA:96,1
DA:98,1
DA:104,2
DA:109,8
DA:110,8
DA:112,8
DA:119,8
DA:120,8
DA:121,18
DA:122,8
DA:126,16
DA:127,8
DA:139,8
DA:140,8
DA:142,8
DA:143,10
DA:145,8
DA:146,2
DA:149,10
DA:151,26
DA:157,8
DA:159,8
DA:161,8
DA:163,8
DA:173,8
DA:174,8
DA:176,8
DA:177,16
DA:178,8
DA:179,10
DA:180,16
DA:181,12
DA:184,8
DA:185,0
DA:189,0
DA:195,8
DA:196,8
DA:200,4
DA:204,8
DA:205,8
DA:206,8
DA:213,8
DA:214,8
DA:215,8
DA:216,8
DA:217,18
DA:218,8
DA:220,8
DA:222,8
DA:224,16
DA:225,3
DA:228,3
DA:238,3
DA:239,6
DA:257,6
DA:258,6
DA:259,1
DA:261,1
DA:262,1
DA:264,1
DA:265,1
DA:267,1
DA:268,1
DA:270,1
DA:271,1
DA:275,1
LF:99
LH:97
end_of_record
SF:lib\main.dart
DA:16,0
DA:17,0
DA:21,2
DA:23,1
DA:25,1
DA:26,1
DA:27,1
DA:29,1
DA:31,1
DA:33,1
DA:35,1
DA:37,1
DA:38,2
DA:39,1
DA:40,3
DA:41,0
DA:43,1
DA:46,1
DA:48,1
DA:50,1
DA:52,1
DA:54,1
DA:56,0
DA:57,0
DA:58,0
DA:59,0
DA:60,0
DA:63,0
DA:64,0
DA:65,0
DA:69,1
DA:71,0
DA:73,1
DA:75,0
DA:77,1
DA:79,0
DA:84,1
DA:85,2
DA:86,1
DA:90,1
DA:91,1
DA:99,2
DA:101,2
DA:102,2
DA:103,2
DA:104,1
DA:105,1
DA:107,1
DA:109,3
DA:110,1
DA:112,1
DA:113,1
DA:114,1
DA:115,1
DA:119,1
DA:122,1
DA:124,1
DA:126,1
DA:127,1
DA:129,1
DA:133,1
DA:135,1
DA:138,1
DA:139,1
DA:141,1
DA:151,1
DA:153,1
DA:163,1
DA:164,2
DA:165,1
DA:185,1
DA:187,1
DA:189,1
DA:190,1
DA:201,1
DA:205,4
DA:254,2
DA:262,1
DA:264,1
DA:265,4
DA:266,1
DA:268,1
DA:269,1
DA:270,1
DA:271,1
DA:273,1
DA:274,1
DA:275,1
DA:283,1
DA:285,1
DA:287,1
DA:288,1
DA:293,1
DA:294,1
LF:94
LH:80
end_of_record
SF:lib\widgets\footer.dart
DA:4,2
DA:6,8
DA:8,8
DA:10,8
DA:12,8
DA:13,8
DA:14,16
DA:17,8
DA:18,8
DA:19,8
DA:21,8
DA:23,4
DA:25,4
DA:26,4
DA:28,4
DA:30,4
DA:33,8
DA:35,8
DA:36,16
DA:38,16
DA:40,16
DA:61,8
DA:152,8
DA:153,8
DA:155,8
DA:165,8
DA:166,8
DA:171,8
DA:172,8
DA:174,8
DA:192,8
DA:193,8
DA:194,8
DA:195,8
DA:196,8
DA:199,8
DA:200,8
DA:201,8
DA:204,8
DA:205,8
DA:206,8
DA:209,8
DA:210,8
DA:211,8
DA:218,8
DA:219,1
DA:222,8
DA:245,8
DA:246,8
DA:248,8
DA:249,1
DA:250,8
DA:255,8
LF:53
LH:53
end_of_record
SF:lib\pages\collections_page.dart
DA:9,2
DA:10,2
DA:15,2
DA:17,2
DA:18,2
DA:25,2
DA:27,2
DA:28,2
DA:32,2
DA:33,4
DA:34,4
DA:35,2
DA:39,2
DA:41,6
DA:42,2
DA:43,4
DA:45,2
DA:46,2
DA:47,2
DA:48,2
DA:53,2
DA:54,2
DA:55,2
DA:57,2
DA:66,2
DA:67,2
DA:69,2
DA:76,6
DA:77,2
DA:78,2
DA:81,2
DA:95,2
DA:97,2
DA:98,2
DA:104,2
DA:106,6
DA:107,2
DA:109,2
DA:111,4
DA:112,4
DA:113,2
DA:114,1
DA:115,5
DA:117,2
DA:118,2
DA:120,2
DA:123,2
DA:124,2
DA:127,2
DA:128,12
DA:129,12
DA:133,2
DA:134,2
DA:135,6
DA:138,2
DA:139,6
DA:141,6
DA:146,2
DA:147,2
DA:149,2
DA:150,6
DA:154,2
DA:155,2
DA:157,2
DA:158,6
DA:159,2
DA:175,2
DA:178,2
DA:179,2
DA:183,2
DA:184,6
DA:185,2
DA:187,2
DA:188,10
DA:189,2
LF:75
LH:75
end_of_record
SF:lib\pages\product_page.dart
DA:11,3
DA:13,2
DA:14,2
DA:22,2
DA:24,2
DA:26,6
DA:27,4
DA:28,6
DA:30,4
DA:31,6
DA:35,2
DA:37,6
DA:39,2
DA:40,2
DA:41,2
DA:42,2
DA:44,2
DA:52,2
DA:53,2
DA:55,2
DA:56,2
DA:57,4
DA:61,0
DA:63,0
DA:64,0
DA:66,0
DA:67,0
DA:72,0
DA:74,0
DA:76,0
DA:78,0
DA:83,2
DA:85,2
DA:86,4
DA:88,4
DA:97,2
DA:98,2
DA:100,2
DA:101,2
DA:102,2
DA:104,2
DA:105,2
DA:107,1
DA:108,1
DA:109,1
DA:127,2
DA:128,2
DA:130,2
DA:131,2
DA:132,2
DA:136,2
DA:138,2
DA:140,2
DA:142,2
DA:147,2
DA:148,2
DA:150,2
DA:151,4
DA:152,2
DA:153,6
DA:162,2
DA:163,6
DA:170,4
DA:172,2
DA:174,2
DA:175,4
DA:176,2
DA:178,2
DA:179,2
DA:192,2
DA:193,6
DA:195,2
DA:196,2
DA:197,10
DA:198,2
DA:199,7
DA:200,3
DA:202,10
DA:203,2
DA:204,4
DA:205,2
DA:206,6
DA:207,1
DA:208,3
DA:210,6
DA:211,2
DA:216,2
DA:218,2
DA:220,2
DA:221,4
DA:223,2
DA:226,2
DA:227,2
DA:228,2
DA:231,2
DA:232,2
DA:237,4
DA:238,4
DA:239,2
DA:248,2
DA:249,2
DA:251,2
DA:254,2
DA:256,2
DA:257,2
DA:258,2
DA:259,2
DA:261,2
DA:263,2
DA:264,2
DA:266,3
DA:267,4
DA:270,2
DA:273,6
DA:274,2
DA:276,5
DA:286,2
DA:287,2
DA:288,2
DA:289,2
DA:290,2
DA:291,2
DA:292,2
DA:293,3
DA:294,2
DA:306,2
DA:307,2
DA:308,3
DA:309,2
DA:323,2
DA:325,2
DA:326,1
DA:327,2
DA:331,2
DA:340,2
DA:341,2
DA:343,2
DA:349,2
DA:350,4
DA:351,2
DA:359,1
DA:360,1
DA:363,4
DA:365,1
DA:367,1
DA:368,1
DA:369,1
DA:370,1
DA:371,1
DA:372,1
DA:373,1
DA:376,1
DA:378,2
DA:379,1
DA:380,1
DA:381,1
DA:384,1
DA:385,1
DA:386,3
DA:395,1
DA:396,1
DA:401,1
DA:404,1
DA:405,1
DA:407,1
DA:410,1
DA:411,1
DA:414,1
DA:415,1
DA:427,1
DA:428,1
DA:429,3
DA:432,1
DA:433,1
DA:434,2
DA:436,1
DA:437,1
DA:439,1
DA:451,2
LF:179
LH:170
end_of_record
SF:lib\pages\about_page.dart
DA:6,2
DA:8,2
DA:10,2
DA:12,2
DA:13,2
DA:15,2
DA:17,2
DA:29,2
LF:8
LH:8
end_of_record
SF:lib\pages\collection_page.dart
DA:11,1
DA:17,1
DA:18,1
DA:31,3
DA:33,5
DA:35,1
DA:37,1
DA:39,4
DA:40,1
DA:43,1
DA:45,2
DA:48,1
DA:49,1
DA:51,5
DA:52,1
DA:54,1
DA:56,5
DA:58,1
DA:59,1
DA:60,1
DA:61,1
DA:62,1
DA:72,1
DA:73,1
DA:74,5
DA:76,1
DA:77,5
DA:79,1
DA:80,1
DA:81,6
DA:88,2
DA:89,1
DA:90,1
DA:94,1
DA:96,1
DA:97,1
DA:100,1
DA:102,1
DA:103,1
DA:106,1
DA:107,2
DA:108,4
DA:110,5
DA:111,2
DA:114,1
DA:115,2
DA:116,2
DA:117,2
DA:121,1
DA:122,3
DA:123,2
DA:124,2
DA:128,1
DA:130,1
DA:131,3
DA:132,1
DA:134,1
DA:135,1
DA:136,1
DA:137,1
DA:139,3
DA:140,1
DA:141,1
DA:144,1
DA:146,1
DA:147,1
DA:149,1
DA:158,1
DA:160,1
DA:166,1
DA:168,1
DA:176,3
DA:177,1
DA:178,1
DA:181,1
DA:183,1
DA:184,1
DA:186,1
DA:195,1
DA:197,1
DA:203,1
DA:205,1
DA:213,3
DA:214,1
DA:215,1
DA:218,1
DA:220,1
DA:221,1
DA:223,1
DA:232,1
DA:234,1
DA:240,1
DA:242,1
DA:250,3
DA:251,1
DA:252,1
DA:255,1
DA:257,1
DA:258,1
DA:260,1
DA:269,1
DA:271,1
DA:277,1
DA:279,1
DA:287,3
DA:288,1
DA:289,1
DA:292,1
DA:294,1
DA:295,1
DA:297,1
DA:306,1
DA:308,1
DA:314,1
DA:316,1
DA:324,3
DA:325,1
DA:326,1
DA:329,1
DA:331,1
DA:332,1
DA:334,1
DA:343,1
DA:345,1
DA:351,1
DA:353,1
DA:361,3
DA:362,1
DA:363,1
DA:366,1
DA:368,1
DA:369,1
DA:371,1
DA:380,1
DA:382,1
DA:388,1
DA:390,1
DA:398,1
DA:399,1
DA:400,1
DA:401,1
DA:402,1
DA:403,1
DA:404,1
DA:405,1
DA:412,1
DA:413,5
DA:414,1
DA:415,1
DA:416,1
DA:417,1
DA:418,1
DA:419,2
DA:420,1
DA:425,1
DA:426,3
DA:427,1
DA:434,1
DA:435,5
DA:439,1
DA:441,1
DA:442,1
DA:443,1
DA:444,1
DA:445,1
DA:446,1
DA:447,1
DA:455,1
DA:461,1
DA:462,1
DA:463,1
DA:475,1
DA:485,1
DA:493,1
DA:498,1
DA:506,3
DA:508,1
DA:513,1
DA:518,1
DA:519,4
DA:520,1
DA:522,1
DA:523,1
DA:524,1
DA:531,3
DA:536,1
DA:537,1
DA:539,1
DA:541,1
DA:542,1
DA:543,3
DA:546,4
DA:547,1
DA:548,4
DA:556,2
DA:557,1
DA:558,4
DA:560,1
DA:562,1
DA:564,1
DA:565,1
DA:566,1
DA:567,1
DA:570,1
DA:571,1
DA:572,1
DA:579,1
DA:581,1
DA:583,1
DA:584,1
DA:585,1
DA:592,1
DA:594,1
DA:596,1
DA:597,1
DA:598,3
DA:599,1
DA:601,1
DA:607,1
DA:608,1
DA:609,3
DA:616,1
DA:617,1
DA:621,1
DA:622,2
DA:625,1
DA:627,1
DA:628,1
LF:228
LH:228
end_of_record
SF:lib\pages\login_page.dart
DA:5,2
DA:7,1
DA:9,1
DA:10,1
DA:11,1
DA:12,1
DA:14,1
DA:16,1
DA:17,1
DA:18,2
DA:19,1
DA:23,1
DA:24,1
DA:25,1
DA:37,1
DA:39,1
DA:43,1
DA:44,1
DA:45,1
DA:48,1
DA:50,1
DA:64,1
DA:66,1
DA:67,1
DA:70,1
DA:71,1
DA:74,0
DA:95,1
DA:96,1
DA:101,1
DA:102,1
DA:106,1
DA:108,1
DA:109,1
DA:110,1
DA:113,1
DA:114,1
LF:37
LH:36
end_of_record
SF:lib\pages\cart_page.dart
DA:9,2
DA:11,1
DA:13,1
DA:14,1
DA:15,1
DA:16,1
DA:18,1
DA:31,2
DA:33,1
DA:35,1
DA:36,3
DA:37,1
DA:39,2
DA:40,1
DA:42,1
DA:44,1
DA:45,1
DA:48,1
DA:69,1
DA:70,2
DA:71,1
DA:96,1
DA:98,1
DA:109,1
DA:110,4
DA:118,1
DA:119,1
DA:121,1
DA:126,1
DA:127,1
DA:128,1
DA:129,3
DA:130,1
DA:134,1
DA:136,4
DA:138,1
DA:141,1
DA:142,2
DA:143,1
DA:145,1
DA:147,1
DA:148,1
DA:149,1
DA:150,1
DA:151,1
DA:152,1
DA:153,1
DA:157,1
DA:158,1
DA:161,1
DA:168,1
DA:169,1
DA:171,1
DA:172,1
DA:173,1
DA:183,2
DA:184,0
DA:185,0
DA:186,0
DA:188,0
DA:191,1
DA:192,1
DA:193,3
DA:206,1
DA:208,1
DA:209,1
DA:210,1
DA:211,0
DA:212,0
DA:213,0
DA:214,0
DA:215,0
DA:219,1
DA:228,1
DA:229,1
DA:230,1
DA:231,2
DA:232,1
DA:234,1
DA:235,1
DA:237,1
DA:239,1
DA:240,1
DA:241,3
DA:290,4
DA:296,1
DA:297,1
DA:299,1
DA:300,3
DA:302,1
DA:303,1
DA:304,1
DA:306,1
DA:307,1
DA:308,1
DA:309,1
DA:310,1
DA:311,1
DA:315,1
DA:316,1
DA:319,1
DA:326,1
DA:327,1
DA:329,1
DA:330,1
DA:331,1
DA:341,2
DA:342,1
DA:343,5
DA:344,1
DA:346,1
DA:355,1
DA:356,1
DA:357,3
DA:365,1
DA:366,1
DA:367,1
DA:370,1
DA:371,1
DA:372,3
DA:381,1
DA:382,1
DA:383,2
DA:384,1
DA:385,1
DA:386,1
DA:390,1
DA:397,1
DA:398,1
DA:399,1
DA:400,2
DA:401,1
DA:403,1
DA:405,1
DA:406,1
DA:410,1
DA:411,2
DA:412,1
DA:413,1
DA:414,1
DA:418,1
DA:420,1
DA:421,2
DA:428,1
DA:432,1
DA:433,2
DA:434,1
DA:435,1
DA:436,1
DA:445,1
DA:446,1
DA:448,1
DA:449,1
DA:450,2
DA:451,1
DA:453,1
DA:455,1
DA:465,1
DA:467,1
DA:475,1
DA:476,3
DA:506,1
DA:508,1
DA:511,1
DA:513,1
DA:522,1
DA:523,3
DA:533,1
DA:535,1
DA:536,0
DA:538,0
DA:540,1
DA:559,1
DA:561,1
DA:562,0
DA:577,0
DA:578,0
DA:580,0
DA:582,0
DA:585,0
DA:588,0
DA:596,0
DA:597,0
DA:598,0
DA:599,0
DA:600,0
DA:601,0
LF:187
LH:163
end_of_record
SF:lib\pages\print_shack_page.dart
DA:9,2
DA:11,1
DA:12,1
DA:19,5
DA:20,4
DA:22,1
DA:23,1
DA:24,1
DA:26,1
DA:39,1
DA:41,1
DA:42,2
DA:43,4
DA:47,1
DA:49,2
DA:50,1
DA:52,1
DA:55,1
DA:57,2
DA:58,2
DA:59,3
DA:63,1
DA:65,4
DA:67,1
DA:69,1
DA:70,1
DA:71,1
DA:73,1
DA:74,1
DA:78,1
DA:79,1
DA:81,1
DA:92,1
DA:94,1
DA:96,1
DA:97,1
DA:99,1
DA:104,1
DA:106,1
DA:107,2
DA:109,2
DA:114,1
DA:115,1
DA:116,4
DA:117,6
DA:118,6
DA:119,4
DA:121,1
DA:122,1
DA:123,2
DA:124,1
DA:126,1
DA:128,1
DA:129,1
DA:131,1
DA:133,1
DA:135,2
DA:137,1
DA:139,1
DA:140,1
DA:141,2
DA:142,1
DA:145,1
DA:150,4
DA:151,2
DA:152,1
DA:153,2
DA:154,1
DA:155,1
DA:156,1
DA:157,1
DA:170,1
DA:171,1
DA:173,1
DA:183,1
DA:184,3
DA:192,1
DA:194,1
DA:196,1
DA:198,1
DA:200,1
DA:205,1
DA:206,1
DA:208,1
DA:209,1
DA:210,2
DA:212,1
DA:214,1
DA:215,2
DA:217,1
DA:218,1
DA:220,1
DA:222,1
DA:232,1
DA:233,1
DA:235,1
DA:236,1
DA:238,1
DA:241,1
DA:246,1
DA:247,1
DA:248,2
DA:250,1
DA:251,1
DA:252,1
DA:253,1
DA:255,1
DA:281,1
DA:282,3
DA:292,1
DA:293,1
DA:294,1
DA:295,4
DA:296,2
DA:297,1
DA:298,2
DA:299,1
DA:302,1
DA:306,1
DA:307,1
DA:308,1
DA:309,2
DA:311,1
DA:312,2
DA:327,1
DA:328,1
DA:330,1
DA:331,1
DA:333,1
DA:336,1
DA:341,1
DA:342,1
DA:343,2
DA:345,1
DA:347,1
DA:348,1
DA:350,7
DA:351,2
DA:353,1
DA:357,1
DA:358,1
DA:359,2
DA:362,1
DA:363,2
DA:370,1
DA:372,5
DA:382,1
DA:387,1
DA:389,1
DA:391,1
DA:395,1
DA:396,1
DA:402,1
DA:403,1
DA:404,1
DA:405,1
DA:406,1
DA:408,1
DA:409,1
DA:416,1
DA:417,1
DA:418,5
DA:429,1
DA:430,1
DA:432,1
DA:433,1
DA:440,1
DA:456,1
DA:457,4
DA:458,1
DA:459,3
DA:460,1
DA:462,1
DA:469,1
DA:470,2
DA:471,4
DA:472,2
DA:474,2
DA:475,0
DA:476,0
DA:479,2
DA:480,3
DA:482,2
DA:483,3
DA:486,1
DA:487,1
DA:488,3
DA:493,1
DA:494,1
DA:497,1
DA:498,4
DA:499,1
DA:500,3
DA:501,1
DA:503,1
DA:511,1
DA:514,3
DA:517,1
DA:518,3
DA:519,1
DA:520,1
DA:521,1
DA:524,1
DA:525,1
DA:526,3
DA:535,2
DA:540,1
DA:541,1
DA:542,1
DA:544,2
DA:556,1
DA:557,1
DA:558,3
DA:561,1
DA:562,1
DA:563,2
DA:564,2
DA:566,1
LF:218
LH:216
end_of_record
